
R version 3.0.1 (2013-05-16) -- "Good Sport"
Copyright (C) 2013 The R Foundation for Statistical Computing
Platform: x86_64-apple-darwin10.8.0 (64-bit)

R is free software and comes with ABSOLUTELY NO WARRANTY.
You are welcome to redistribute it under certain conditions.
Type 'license()' or 'licence()' for distribution details.

  Natural language support but running in an English locale

R is a collaborative project with many contributors.
Type 'contributors()' for more information and
'citation()' on how to cite R or R packages in publications.

Type 'demo()' for some demos, 'help()' for on-line help, or
'help.start()' for an HTML browser interface to help.
Type 'q()' to quit R.


Welcome at Sat Oct 19 10:57:24 2013 
 Do some work! 
> library(ggplot2)
> 
> gDat <- read.delim("Data/gapminderDataFiveYear.txt")
> # Check that data import went successfully
> tail(gDat)
      country year      pop continent lifeExp gdpPercap
1699 Zimbabwe 1982  7636524    Africa  60.363  788.8550
1700 Zimbabwe 1987  9216418    Africa  62.351  706.1573
1701 Zimbabwe 1992 10704340    Africa  60.377  693.4208
1702 Zimbabwe 1997 11404948    Africa  46.809  792.4500
1703 Zimbabwe 2002 11926563    Africa  39.989  672.0386
1704 Zimbabwe 2007 12311143    Africa  43.487  469.7093
> 
> # First informative plot: life expectancy vs. GDP per capita for a particular year
> jYear <- 2002
> 
> q <- ggplot(subset(gDat, year == jYear),
+             aes(x = gdpPercap, y = lifeExp)) + scale_x_log10()
> 
> q <- q + geom_point(aes(size = sqrt(pop/pi), fill = continent), pch = 21, show_guide = FALSE) +
+             scale_size_continuous(range = c(1,40)) + facet_wrap(~continent) + 
+             ggtitle(paste("Life Expectancy vs. GDP per Capita in ", jYear, sep = ""))
> 
> ggsave(filename = paste("inform_lifeExpectancyVsGdpPerCap_",jYear,".pdf", sep = ""), plot = q, path = "Figures")
Saving 7 x 7 in image
> 
> # Second informative plot:
> 
> # Reorder the continents based on life expectancy: 
> # 
> 
> 
> 
> # Write the sorted data to file for future use
> # write.table(cleanData, "Data/gapminder_clean.tsv", quote = FALSE, sep = "\t", row.names = FALSE) 
> 

That was fun...  Sat Oct 19 10:57:25 2013 
